<?xml version="1.0" encoding="UTF-8"?>
<!-- Generated by org.testng.reporters.JUnitReportReporter -->
<testsuite name="HomePageTests" tests="15" time="0.000" ignored="0" failures="0" timestamp="28 Feb 2017 10:22:26 GMT" skipped="14" hostname="Yevheniis-MBP" errors="1">
  <testcase name="Check_If_Registration_Form_Available" time="0.000" classname="HomePageTests">
    <skipped/>
  </testcase> <!-- Check_If_Registration_Form_Available -->
  <testcase name="Check_If_Interaction_Draggable_Form_Available" time="0.000" classname="HomePageTests">
    <skipped/>
  </testcase> <!-- Check_If_Interaction_Draggable_Form_Available -->
  <testcase name="setUp" time="0.000" classname="HomePageTests">
    <error type="org.openqa.selenium.SessionNotCreatedException" message="Unable to create new remote session. desired capabilities = Capabilities [{marionette=false, browserName=Firefox, version=, platform=LINUX}], required capabilities = Capabilities [{}]
Build info: version: &#039;3.1.0&#039;, revision: &#039;b94c902&#039;, time: &#039;2017-02-16 12:21:31 -0800&#039;
System info: host: &#039;Yevheniis-MBP&#039;, ip: &#039;fe80:0:0:0:149b:efe0:c7e5:50fa%en0&#039;, os.name: &#039;Mac OS X&#039;, os.arch: &#039;x86_64&#039;, os.version: &#039;10.12.3&#039;, java.version: &#039;1.8.0_121&#039;
Driver info: driver.version: Driver">
      <![CDATA[org.openqa.selenium.SessionNotCreatedException: Unable to create new remote session. desired capabilities = Capabilities [{marionette=false, browserName=Firefox, version=, platform=LINUX}], required capabilities = Capabilities [{}]
Build info: version: '3.1.0', revision: 'b94c902', time: '2017-02-16 12:21:31 -0800'
System info: host: 'Yevheniis-MBP', ip: 'fe80:0:0:0:149b:efe0:c7e5:50fa%en0', os.name: 'Mac OS X', os.arch: 'x86_64', os.version: '10.12.3', java.version: '1.8.0_121'
Driver info: driver.version: Driver
	at org.openqa.selenium.remote.ProtocolHandshake.createSession(ProtocolHandshake.java:91)
	at org.openqa.selenium.remote.HttpCommandExecutor.execute(HttpCommandExecutor.java:141)
	at org.openqa.selenium.remote.RemoteWebDriver.execute(RemoteWebDriver.java:601)
	at org.openqa.selenium.remote.RemoteWebDriver.startSession(RemoteWebDriver.java:241)
	at org.openqa.selenium.remote.RemoteWebDriver.<init>(RemoteWebDriver.java:128)
	at org.openqa.selenium.remote.RemoteWebDriver.<init>(RemoteWebDriver.java:155)
	at utils.Driver.getHub(Driver.java:53)
	at utils.Driver.getInstance(Driver.java:29)
	at BaseTestClass.setUp(BaseTestClass.java:12)
	at sun.reflect.NativeMethodAccessorImpl.invoke0(Native Method)
	at sun.reflect.NativeMethodAccessorImpl.invoke(NativeMethodAccessorImpl.java:62)
	at sun.reflect.DelegatingMethodAccessorImpl.invoke(DelegatingMethodAccessorImpl.java:43)
	at java.lang.reflect.Method.invoke(Method.java:498)
	at org.testng.internal.MethodInvocationHelper.invokeMethod(MethodInvocationHelper.java:104)
	at org.testng.internal.Invoker.invokeConfigurationMethod(Invoker.java:515)
	at org.testng.internal.Invoker.invokeConfigurations(Invoker.java:217)
	at org.testng.internal.Invoker.invokeMethod(Invoker.java:590)
	at org.testng.internal.Invoker.invokeTestMethod(Invoker.java:851)
	at org.testng.internal.Invoker.invokeTestMethods(Invoker.java:1177)
	at org.testng.internal.TestMethodWorker.invokeTestMethods(TestMethodWorker.java:129)
	at org.testng.internal.TestMethodWorker.run(TestMethodWorker.java:112)
	at org.testng.TestRunner.privateRun(TestRunner.java:756)
	at org.testng.TestRunner.run(TestRunner.java:610)
	at org.testng.SuiteRunner.runTest(SuiteRunner.java:387)
	at org.testng.SuiteRunner.access$000(SuiteRunner.java:39)
	at org.testng.SuiteRunner$SuiteWorker.run(SuiteRunner.java:421)
	at org.testng.internal.thread.ThreadUtil$2.call(ThreadUtil.java:64)
	at java.util.concurrent.FutureTask.run(FutureTask.java:266)
	at java.util.concurrent.ThreadPoolExecutor.runWorker(ThreadPoolExecutor.java:1142)
	at java.util.concurrent.ThreadPoolExecutor$Worker.run(ThreadPoolExecutor.java:617)
	at java.lang.Thread.run(Thread.java:745)
]]>
    </error>
  </testcase> <!-- setUp -->
  <testcase name="Check_If_Widget_Menu_Form_Available" time="0.000" classname="HomePageTests">
    <skipped/>
  </testcase> <!-- Check_If_Widget_Menu_Form_Available -->
  <testcase name="Check_If_Widget_Slider_Form_Available" time="0.000" classname="HomePageTests">
    <skipped/>
  </testcase> <!-- Check_If_Widget_Slider_Form_Available -->
  <testcase name="Check_If_Widget_Tooltip_Form_Available" time="0.000" classname="HomePageTests">
    <skipped/>
  </testcase> <!-- Check_If_Widget_Tooltip_Form_Available -->
  <testcase name="Check_If_Interaction_Resizable_Form_Available" time="0.000" classname="HomePageTests">
    <skipped/>
  </testcase> <!-- Check_If_Interaction_Resizable_Form_Available -->
  <testcase name="Check_If_Widget_Tabs_Form_Available" time="0.000" classname="HomePageTests">
    <skipped/>
  </testcase> <!-- Check_If_Widget_Tabs_Form_Available -->
  <testcase name="Check_If_Widget_Accordion_Form_Available" time="0.000" classname="HomePageTests">
    <skipped/>
  </testcase> <!-- Check_If_Widget_Accordion_Form_Available -->
  <testcase name="Check_If_Widget_Datepicker_Form_Available" time="0.000" classname="HomePageTests">
    <skipped/>
  </testcase> <!-- Check_If_Widget_Datepicker_Form_Available -->
  <testcase name="Check_If_Interaction_Selectable_Form_Available" time="0.000" classname="HomePageTests">
    <skipped/>
  </testcase> <!-- Check_If_Interaction_Selectable_Form_Available -->
  <testcase name="Check_If_Interaction_Sortable_Form_Available" time="0.000" classname="HomePageTests">
    <skipped/>
  </testcase> <!-- Check_If_Interaction_Sortable_Form_Available -->
  <testcase name="Check_If_Interaction_Droppable_Form_Available" time="0.000" classname="HomePageTests">
    <skipped/>
  </testcase> <!-- Check_If_Interaction_Droppable_Form_Available -->
  <testcase name="Check_If_Widget_Autocomplete_Form_Available" time="0.000" classname="HomePageTests">
    <skipped/>
  </testcase> <!-- Check_If_Widget_Autocomplete_Form_Available -->
  <testcase name="Check_If_Home_Page_Available" time="0.000" classname="HomePageTests">
    <skipped/>
  </testcase> <!-- Check_If_Home_Page_Available -->
</testsuite> <!-- HomePageTests -->
